Determining if the pthread_create exist failed with the following output:
Change Dir: /home/chrisanand/Connor_Project/cuda/CMakeFiles/CMakeTmp

Run Build Command:"/usr/bin/gmake" "cmTC_04451/fast"
/usr/bin/gmake -f CMakeFiles/cmTC_04451.dir/build.make CMakeFiles/cmTC_04451.dir/build
gmake[1]: Entering directory `/home/chrisanand/Connor_Project/cuda/CMakeFiles/CMakeTmp'
Building CXX object CMakeFiles/cmTC_04451.dir/CheckSymbolExists.cxx.o
/sw/eb/sw/GCCcore/7.3.0/bin/c++     -o CMakeFiles/cmTC_04451.dir/CheckSymbolExists.cxx.o -c /home/chrisanand/Connor_Project/cuda/CMakeFiles/CMakeTmp/CheckSymbolExists.cxx
Linking CXX executable cmTC_04451
/sw/eb/sw/CMake/3.12.1-GCCcore-7.3.0/bin/cmake -E cmake_link_script CMakeFiles/cmTC_04451.dir/link.txt --verbose=1
/sw/eb/sw/GCCcore/7.3.0/bin/c++       CMakeFiles/cmTC_04451.dir/CheckSymbolExists.cxx.o  -o cmTC_04451 
CMakeFiles/cmTC_04451.dir/CheckSymbolExists.cxx.o:CheckSymbolExists.cxx:function main: error: undefined reference to 'pthread_create'
collect2: error: ld returned 1 exit status
gmake[1]: *** [cmTC_04451] Error 1
gmake[1]: Leaving directory `/home/chrisanand/Connor_Project/cuda/CMakeFiles/CMakeTmp'
gmake: *** [cmTC_04451/fast] Error 2

File /home/chrisanand/Connor_Project/cuda/CMakeFiles/CMakeTmp/CheckSymbolExists.cxx:
/* */
#include <pthread.h>

int main(int argc, char** argv)
{
  (void)argv;
#ifndef pthread_create
  return ((int*)(&pthread_create))[argc];
#else
  (void)argc;
  return 0;
#endif
}

Determining if the function pthread_create exists in the pthreads failed with the following output:
Change Dir: /home/chrisanand/Connor_Project/cuda/CMakeFiles/CMakeTmp

Run Build Command:"/usr/bin/gmake" "cmTC_18c60/fast"
/usr/bin/gmake -f CMakeFiles/cmTC_18c60.dir/build.make CMakeFiles/cmTC_18c60.dir/build
gmake[1]: Entering directory `/home/chrisanand/Connor_Project/cuda/CMakeFiles/CMakeTmp'
Building CXX object CMakeFiles/cmTC_18c60.dir/CheckFunctionExists.cxx.o
/sw/eb/sw/GCCcore/7.3.0/bin/c++    -DCHECK_FUNCTION_EXISTS=pthread_create   -o CMakeFiles/cmTC_18c60.dir/CheckFunctionExists.cxx.o -c /home/chrisanand/Connor_Project/cuda/CMakeFiles/CheckLibraryExists/CheckFunctionExists.cxx
Linking CXX executable cmTC_18c60
/sw/eb/sw/CMake/3.12.1-GCCcore-7.3.0/bin/cmake -E cmake_link_script CMakeFiles/cmTC_18c60.dir/link.txt --verbose=1
/sw/eb/sw/GCCcore/7.3.0/bin/c++   -DCHECK_FUNCTION_EXISTS=pthread_create    CMakeFiles/cmTC_18c60.dir/CheckFunctionExists.cxx.o  -o cmTC_18c60 -lpthreads 
/usr/bin/ld.gold: error: cannot find -lpthreads
CMakeFiles/cmTC_18c60.dir/CheckFunctionExists.cxx.o:CheckFunctionExists.cxx:function main: error: undefined reference to 'pthread_create'
collect2: error: ld returned 1 exit status
gmake[1]: *** [cmTC_18c60] Error 1
gmake[1]: Leaving directory `/home/chrisanand/Connor_Project/cuda/CMakeFiles/CMakeTmp'
gmake: *** [cmTC_18c60/fast] Error 2


Compiling the CXX compiler identification source file "CMakeCXXCompilerId.cpp" failed.
Compiler: /sw/eb/sw/GCCcore/7.3.0/bin/c++ 
Build flags: 
Id flags: -c 

The output was:
1
/tmp/cc6XNvwu.s: Assembler messages:
/tmp/cc6XNvwu.s: Fatal error: can't write 113 bytes to section .text of CMakeCXXCompilerId.o because: 'Disk quota exceeded'
/tmp/cc6XNvwu.s: Fatal error: can't close CMakeCXXCompilerId.o: Disk quota exceeded


Compiling the CXX compiler identification source file "CMakeCXXCompilerId.cpp" failed.
Compiler: /sw/eb/sw/GCCcore/7.3.0/bin/c++ 
Build flags: 
Id flags: --ec++ 

The output was:
1
c++: error: unrecognized command line option ‘--ec++’; did you mean ‘-Weffc++’?


Determining if the CUDA compiler works failed with the following output:


Determining if the pthread_create exist failed with the following output:
Change Dir: /home/chrisanand/please/cuda/CMakeFiles/CMakeTmp

Run Build Command:"/usr/bin/gmake" "cmTC_6ac2b/fast"
/usr/bin/gmake -f CMakeFiles/cmTC_6ac2b.dir/build.make CMakeFiles/cmTC_6ac2b.dir/build
gmake[1]: Entering directory `/home/chrisanand/please/cuda/CMakeFiles/CMakeTmp'
Building CXX object CMakeFiles/cmTC_6ac2b.dir/CheckSymbolExists.cxx.o
/sw/eb/sw/GCCcore/7.3.0/bin/c++     -o CMakeFiles/cmTC_6ac2b.dir/CheckSymbolExists.cxx.o -c /home/chrisanand/please/cuda/CMakeFiles/CMakeTmp/CheckSymbolExists.cxx
Linking CXX executable cmTC_6ac2b
/sw/eb/sw/CMake/3.12.1-GCCcore-7.3.0/bin/cmake -E cmake_link_script CMakeFiles/cmTC_6ac2b.dir/link.txt --verbose=1
/sw/eb/sw/GCCcore/7.3.0/bin/c++       CMakeFiles/cmTC_6ac2b.dir/CheckSymbolExists.cxx.o  -o cmTC_6ac2b 
CMakeFiles/cmTC_6ac2b.dir/CheckSymbolExists.cxx.o:CheckSymbolExists.cxx:function main: error: undefined reference to 'pthread_create'
collect2: error: ld returned 1 exit status
gmake[1]: *** [cmTC_6ac2b] Error 1
gmake[1]: Leaving directory `/home/chrisanand/please/cuda/CMakeFiles/CMakeTmp'
gmake: *** [cmTC_6ac2b/fast] Error 2

File /home/chrisanand/please/cuda/CMakeFiles/CMakeTmp/CheckSymbolExists.cxx:
/* */
#include <pthread.h>

int main(int argc, char** argv)
{
  (void)argv;
#ifndef pthread_create
  return ((int*)(&pthread_create))[argc];
#else
  (void)argc;
  return 0;
#endif
}

Determining if the function pthread_create exists in the pthreads failed with the following output:
Change Dir: /home/chrisanand/please/cuda/CMakeFiles/CMakeTmp

Run Build Command:"/usr/bin/gmake" "cmTC_d0c52/fast"
/usr/bin/gmake -f CMakeFiles/cmTC_d0c52.dir/build.make CMakeFiles/cmTC_d0c52.dir/build
gmake[1]: Entering directory `/home/chrisanand/please/cuda/CMakeFiles/CMakeTmp'
Building CXX object CMakeFiles/cmTC_d0c52.dir/CheckFunctionExists.cxx.o
/sw/eb/sw/GCCcore/7.3.0/bin/c++    -DCHECK_FUNCTION_EXISTS=pthread_create   -o CMakeFiles/cmTC_d0c52.dir/CheckFunctionExists.cxx.o -c /home/chrisanand/please/cuda/CMakeFiles/CheckLibraryExists/CheckFunctionExists.cxx
Linking CXX executable cmTC_d0c52
/sw/eb/sw/CMake/3.12.1-GCCcore-7.3.0/bin/cmake -E cmake_link_script CMakeFiles/cmTC_d0c52.dir/link.txt --verbose=1
/sw/eb/sw/GCCcore/7.3.0/bin/c++   -DCHECK_FUNCTION_EXISTS=pthread_create    CMakeFiles/cmTC_d0c52.dir/CheckFunctionExists.cxx.o  -o cmTC_d0c52 -lpthreads 
/usr/bin/ld.gold: error: cannot find -lpthreads
CMakeFiles/cmTC_d0c52.dir/CheckFunctionExists.cxx.o:CheckFunctionExists.cxx:function main: error: undefined reference to 'pthread_create'
collect2: error: ld returned 1 exit status
gmake[1]: *** [cmTC_d0c52] Error 1
gmake[1]: Leaving directory `/home/chrisanand/please/cuda/CMakeFiles/CMakeTmp'
gmake: *** [cmTC_d0c52/fast] Error 2


