Determining if the pthread_create exist failed with the following output:
Change Dir: /home/chrisanand/Connor_Project/mpi/CMakeFiles/CMakeTmp

Run Build Command:"/usr/bin/gmake" "cmTC_d858e/fast"
/usr/bin/gmake -f CMakeFiles/cmTC_d858e.dir/build.make CMakeFiles/cmTC_d858e.dir/build
gmake[1]: Entering directory `/home/chrisanand/Connor_Project/mpi/CMakeFiles/CMakeTmp'
Building C object CMakeFiles/cmTC_d858e.dir/CheckSymbolExists.c.o
/sw/eb/sw/GCCcore/10.2.0/bin/cc    -o CMakeFiles/cmTC_d858e.dir/CheckSymbolExists.c.o   -c /home/chrisanand/Connor_Project/mpi/CMakeFiles/CMakeTmp/CheckSymbolExists.c
Linking C executable cmTC_d858e
/sw/eb/sw/CMake/3.12.1/bin/cmake -E cmake_link_script CMakeFiles/cmTC_d858e.dir/link.txt --verbose=1
/sw/eb/sw/GCCcore/10.2.0/bin/cc      CMakeFiles/cmTC_d858e.dir/CheckSymbolExists.c.o  -o cmTC_d858e 
CMakeFiles/cmTC_d858e.dir/CheckSymbolExists.c.o:CheckSymbolExists.c:function main: error: undefined reference to 'pthread_create'
collect2: error: ld returned 1 exit status
gmake[1]: *** [cmTC_d858e] Error 1
gmake[1]: Leaving directory `/home/chrisanand/Connor_Project/mpi/CMakeFiles/CMakeTmp'
gmake: *** [cmTC_d858e/fast] Error 2

File /home/chrisanand/Connor_Project/mpi/CMakeFiles/CMakeTmp/CheckSymbolExists.c:
/* */
#include <pthread.h>

int main(int argc, char** argv)
{
  (void)argv;
#ifndef pthread_create
  return ((int*)(&pthread_create))[argc];
#else
  (void)argc;
  return 0;
#endif
}

Determining if the function pthread_create exists in the pthreads failed with the following output:
Change Dir: /home/chrisanand/Connor_Project/mpi/CMakeFiles/CMakeTmp

Run Build Command:"/usr/bin/gmake" "cmTC_30d59/fast"
/usr/bin/gmake -f CMakeFiles/cmTC_30d59.dir/build.make CMakeFiles/cmTC_30d59.dir/build
gmake[1]: Entering directory `/home/chrisanand/Connor_Project/mpi/CMakeFiles/CMakeTmp'
Building C object CMakeFiles/cmTC_30d59.dir/CheckFunctionExists.c.o
/sw/eb/sw/GCCcore/10.2.0/bin/cc   -DCHECK_FUNCTION_EXISTS=pthread_create   -o CMakeFiles/cmTC_30d59.dir/CheckFunctionExists.c.o   -c /sw/eb/sw/CMake/3.12.1/share/cmake-3.12/Modules/CheckFunctionExists.c
Linking C executable cmTC_30d59
/sw/eb/sw/CMake/3.12.1/bin/cmake -E cmake_link_script CMakeFiles/cmTC_30d59.dir/link.txt --verbose=1
/sw/eb/sw/GCCcore/10.2.0/bin/cc  -DCHECK_FUNCTION_EXISTS=pthread_create    CMakeFiles/cmTC_30d59.dir/CheckFunctionExists.c.o  -o cmTC_30d59 -lpthreads 
/sw/eb/sw/binutils/2.35-GCCcore-10.2.0/bin/ld.gold: error: cannot find -lpthreads
CMakeFiles/cmTC_30d59.dir/CheckFunctionExists.c.o:CheckFunctionExists.c:function main: error: undefined reference to 'pthread_create'
collect2: error: ld returned 1 exit status
gmake[1]: *** [cmTC_30d59] Error 1
gmake[1]: Leaving directory `/home/chrisanand/Connor_Project/mpi/CMakeFiles/CMakeTmp'
gmake: *** [cmTC_30d59/fast] Error 2


Determining if the pthread_create exist failed with the following output:
Change Dir: /home/chrisanand/please/mpi/CMakeFiles/CMakeTmp

Run Build Command:"/usr/bin/gmake" "cmTC_24b36/fast"
/usr/bin/gmake -f CMakeFiles/cmTC_24b36.dir/build.make CMakeFiles/cmTC_24b36.dir/build
gmake[1]: Entering directory `/home/chrisanand/please/mpi/CMakeFiles/CMakeTmp'
Building C object CMakeFiles/cmTC_24b36.dir/CheckSymbolExists.c.o
/sw/eb/sw/GCCcore/10.2.0/bin/cc    -o CMakeFiles/cmTC_24b36.dir/CheckSymbolExists.c.o   -c /home/chrisanand/please/mpi/CMakeFiles/CMakeTmp/CheckSymbolExists.c
Linking C executable cmTC_24b36
/sw/eb/sw/CMake/3.12.1/bin/cmake -E cmake_link_script CMakeFiles/cmTC_24b36.dir/link.txt --verbose=1
/sw/eb/sw/GCCcore/10.2.0/bin/cc      CMakeFiles/cmTC_24b36.dir/CheckSymbolExists.c.o  -o cmTC_24b36 
CMakeFiles/cmTC_24b36.dir/CheckSymbolExists.c.o:CheckSymbolExists.c:function main: error: undefined reference to 'pthread_create'
collect2: error: ld returned 1 exit status
gmake[1]: *** [cmTC_24b36] Error 1
gmake[1]: Leaving directory `/home/chrisanand/please/mpi/CMakeFiles/CMakeTmp'
gmake: *** [cmTC_24b36/fast] Error 2

File /home/chrisanand/please/mpi/CMakeFiles/CMakeTmp/CheckSymbolExists.c:
/* */
#include <pthread.h>

int main(int argc, char** argv)
{
  (void)argv;
#ifndef pthread_create
  return ((int*)(&pthread_create))[argc];
#else
  (void)argc;
  return 0;
#endif
}

Determining if the function pthread_create exists in the pthreads failed with the following output:
Change Dir: /home/chrisanand/please/mpi/CMakeFiles/CMakeTmp

Run Build Command:"/usr/bin/gmake" "cmTC_9bfec/fast"
/usr/bin/gmake -f CMakeFiles/cmTC_9bfec.dir/build.make CMakeFiles/cmTC_9bfec.dir/build
gmake[1]: Entering directory `/home/chrisanand/please/mpi/CMakeFiles/CMakeTmp'
Building C object CMakeFiles/cmTC_9bfec.dir/CheckFunctionExists.c.o
/sw/eb/sw/GCCcore/10.2.0/bin/cc   -DCHECK_FUNCTION_EXISTS=pthread_create   -o CMakeFiles/cmTC_9bfec.dir/CheckFunctionExists.c.o   -c /sw/eb/sw/CMake/3.12.1/share/cmake-3.12/Modules/CheckFunctionExists.c
Linking C executable cmTC_9bfec
/sw/eb/sw/CMake/3.12.1/bin/cmake -E cmake_link_script CMakeFiles/cmTC_9bfec.dir/link.txt --verbose=1
/sw/eb/sw/GCCcore/10.2.0/bin/cc  -DCHECK_FUNCTION_EXISTS=pthread_create    CMakeFiles/cmTC_9bfec.dir/CheckFunctionExists.c.o  -o cmTC_9bfec -lpthreads 
/sw/eb/sw/binutils/2.35-GCCcore-10.2.0/bin/ld.gold: error: cannot find -lpthreads
CMakeFiles/cmTC_9bfec.dir/CheckFunctionExists.c.o:CheckFunctionExists.c:function main: error: undefined reference to 'pthread_create'
collect2: error: ld returned 1 exit status
gmake[1]: *** [cmTC_9bfec] Error 1
gmake[1]: Leaving directory `/home/chrisanand/please/mpi/CMakeFiles/CMakeTmp'
gmake: *** [cmTC_9bfec/fast] Error 2


Compiling the C compiler identification source file "CMakeCCompilerId.c" failed.
Compiler: /sw/eb/sw/GCCcore/10.2.0/bin/cc 
Build flags: 
Id flags: -c 

The output was:
1
/tmp/ccerCQkn.s: Assembler messages:
/tmp/ccerCQkn.s: Fatal error: can't write 137 bytes to section .text of CMakeCCompilerId.o: 'Disk quota exceeded'
/tmp/ccerCQkn.s: Fatal error: can't close CMakeCCompilerId.o: Disk quota exceeded


Compiling the CXX compiler identification source file "CMakeCXXCompilerId.cpp" failed.
Compiler: /sw/eb/sw/GCCcore/10.2.0/bin/c++ 
Build flags: 
Id flags: -c 

The output was:
1
/tmp/cc8JKnqk.s: Assembler messages:
/tmp/cc8JKnqk.s: Fatal error: can't write 113 bytes to section .text of CMakeCXXCompilerId.o: 'Disk quota exceeded'
/tmp/cc8JKnqk.s: Fatal error: can't close CMakeCXXCompilerId.o: Disk quota exceeded


Compiling the CXX compiler identification source file "CMakeCXXCompilerId.cpp" failed.
Compiler: /sw/eb/sw/GCCcore/10.2.0/bin/c++ 
Build flags: 
Id flags: --ec++ 

The output was:
1
c++: error: unrecognized command-line option ‘--ec++’; did you mean ‘-Weffc++’?


Determining if the CXX compiler works failed with the following output:
Change Dir: /home/chrisanand/please/mpi/CMakeFiles/CMakeTmp

Run Build Command:"/usr/bin/gmake" "cmTC_081b9/fast"
gmake[1]: Entering directory `/home/chrisanand/please/mpi/CMakeFiles/CMakeTmp'
gmake[1]: *** No rule to make target `cmTC_081b9/fast'.  Stop.
gmake[1]: Leaving directory `/home/chrisanand/please/mpi/CMakeFiles/CMakeTmp'


Determining if the pthread_create exist failed with the following output:
Change Dir: /home/chrisanand/please/mpi/CMakeFiles/CMakeTmp

Run Build Command:"/usr/bin/gmake" "cmTC_c4e59/fast"
/usr/bin/gmake -f CMakeFiles/cmTC_c4e59.dir/build.make CMakeFiles/cmTC_c4e59.dir/build
gmake[1]: Entering directory `/home/chrisanand/please/mpi/CMakeFiles/CMakeTmp'
Building C object CMakeFiles/cmTC_c4e59.dir/CheckSymbolExists.c.o
/sw/eb/sw/GCCcore/10.2.0/bin/cc    -o CMakeFiles/cmTC_c4e59.dir/CheckSymbolExists.c.o   -c /home/chrisanand/please/mpi/CMakeFiles/CMakeTmp/CheckSymbolExists.c
Linking C executable cmTC_c4e59
/sw/eb/sw/CMake/3.12.1/bin/cmake -E cmake_link_script CMakeFiles/cmTC_c4e59.dir/link.txt --verbose=1
/sw/eb/sw/GCCcore/10.2.0/bin/cc      CMakeFiles/cmTC_c4e59.dir/CheckSymbolExists.c.o  -o cmTC_c4e59 
CMakeFiles/cmTC_c4e59.dir/CheckSymbolExists.c.o:CheckSymbolExists.c:function main: error: undefined reference to 'pthread_create'
collect2: error: ld returned 1 exit status
gmake[1]: *** [cmTC_c4e59] Error 1
gmake[1]: Leaving directory `/home/chrisanand/please/mpi/CMakeFiles/CMakeTmp'
gmake: *** [cmTC_c4e59/fast] Error 2

File /home/chrisanand/please/mpi/CMakeFiles/CMakeTmp/CheckSymbolExists.c:
/* */
#include <pthread.h>

int main(int argc, char** argv)
{
  (void)argv;
#ifndef pthread_create
  return ((int*)(&pthread_create))[argc];
#else
  (void)argc;
  return 0;
#endif
}

Determining if the function pthread_create exists in the pthreads failed with the following output:
Change Dir: /home/chrisanand/please/mpi/CMakeFiles/CMakeTmp

Run Build Command:"/usr/bin/gmake" "cmTC_36910/fast"
/usr/bin/gmake -f CMakeFiles/cmTC_36910.dir/build.make CMakeFiles/cmTC_36910.dir/build
gmake[1]: Entering directory `/home/chrisanand/please/mpi/CMakeFiles/CMakeTmp'
Building C object CMakeFiles/cmTC_36910.dir/CheckFunctionExists.c.o
/sw/eb/sw/GCCcore/10.2.0/bin/cc   -DCHECK_FUNCTION_EXISTS=pthread_create   -o CMakeFiles/cmTC_36910.dir/CheckFunctionExists.c.o   -c /sw/eb/sw/CMake/3.12.1/share/cmake-3.12/Modules/CheckFunctionExists.c
Linking C executable cmTC_36910
/sw/eb/sw/CMake/3.12.1/bin/cmake -E cmake_link_script CMakeFiles/cmTC_36910.dir/link.txt --verbose=1
/sw/eb/sw/GCCcore/10.2.0/bin/cc  -DCHECK_FUNCTION_EXISTS=pthread_create    CMakeFiles/cmTC_36910.dir/CheckFunctionExists.c.o  -o cmTC_36910 -lpthreads 
/sw/eb/sw/binutils/2.35-GCCcore-10.2.0/bin/ld.gold: error: cannot find -lpthreads
CMakeFiles/cmTC_36910.dir/CheckFunctionExists.c.o:CheckFunctionExists.c:function main: error: undefined reference to 'pthread_create'
collect2: error: ld returned 1 exit status
gmake[1]: *** [cmTC_36910] Error 1
gmake[1]: Leaving directory `/home/chrisanand/please/mpi/CMakeFiles/CMakeTmp'
gmake: *** [cmTC_36910/fast] Error 2


